<?xml version="1.0" encoding="UTF-8"?>
<!-- Generated by org.testng.reporters.JUnitReportReporter -->
<testsuite hostname="SF-LAP-497" failures="0" tests="1" name="com.orange.testcases.UpldateEmployeeTest" time="22.847" errors="0" timestamp="2024-02-20T15:54:01 IST" skipped="0">
  <testcase classname="com.orange.testcases.UpldateEmployeeTest" name="searchEmployeeTest" time="22.847"/>
</testsuite> <!-- com.orange.testcases.UpldateEmployeeTest -->
