<?xml version="1.0" encoding="UTF-8"?>
<!-- Generated by org.testng.reporters.JUnitReportReporter -->
<testsuite hostname="SF-LAP-497" failures="0" tests="3" name="com.orange.testcases.LoginTestcase" time="11.258" errors="0" timestamp="2024-02-20T10:21:44 IST" skipped="0">
  <testcase classname="com.orange.testcases.LoginTestcase" name="verifyLoginPageUITest" time="3.306"/>
  <testcase classname="com.orange.testcases.LoginTestcase" name="validateLoginFunctionality" time="4.888"/>
  <testcase classname="com.orange.testcases.LoginTestcase" name="logouttest" time="3.064"/>
</testsuite> <!-- com.orange.testcases.LoginTestcase -->
