<?xml version="1.0" encoding="UTF-8"?>
<!-- Generated by org.testng.reporters.JUnitReportReporter -->
<testsuite hostname="SF-LAP-497" failures="0" tests="1" name="com.orange.testcases.HelpTest" time="9.747" errors="0" timestamp="2024-02-20T10:21:44 IST" skipped="0">
  <testcase classname="com.orange.testcases.HelpTest" name="navigatetoHelpScreen" time="9.747"/>
</testsuite> <!-- com.orange.testcases.HelpTest -->
